Waiting for all LocalStack services to be ready
Waiting for all LocalStack services to be ready
Waiting for all LocalStack services to be ready
2021-02-19 13:56:15,736 CRIT Supervisor is running as root.  Privileges were not dropped because no user is specified in the config file.  If you intend to run as root, you can set user=root in the config file to avoid this message.
2021-02-19 13:56:15,835 INFO supervisord started with pid 14
2021-02-19 13:56:16,904 INFO spawned: 'dashboard' with pid 24
2021-02-19 13:56:16,973 INFO spawned: 'infra' with pid 25
2021-02-19 13:56:17,056 INFO success: dashboard entered RUNNING state, process has stayed up for > than 0 seconds (startsecs)
2021-02-19 13:56:17,061 INFO exited: dashboard (exit status 0; expected)
(. .venv/bin/activate; exec bin/localstack start --host)
2021-02-19 13:56:18,105 INFO success: infra entered RUNNING state, process has stayed up for > than 1 seconds (startsecs)
Waiting for all LocalStack services to be ready
Waiting for all LocalStack services to be ready
Waiting for all LocalStack services to be ready
Waiting for all LocalStack services to be ready
Waiting for all LocalStack services to be ready
Waiting for all LocalStack services to be ready
Waiting for all LocalStack services to be ready
Starting local dev environment. CTRL-C to quit.
LocalStack version: 0.12.6
2021-02-19T13:57:08:INFO:localstack.utils.analytics.profiler: Execution of "load_plugin_from_path" took 38408.15305709839ms
2021-02-19T13:57:08:INFO:localstack.utils.analytics.profiler: Execution of "load_plugins" took 38414.803981781006ms
Waiting for all LocalStack services to be ready
Starting edge router (https port 4566)...
2021-02-19T13:57:10:INFO:localstack.utils.analytics.profiler: Execution of "load_plugin_from_path" took 2245.414972305298ms
2021-02-19T13:57:10:INFO:localstack.utils.analytics.profiler: Execution of "load_plugins" took 2246.3808059692383ms
Starting mock S3 service on http port 4566 ...
2021-02-19T13:57:11:INFO:localstack.multiserver: Starting multi API server process on port 48553
[2021-02-19 13:57:11 +0000] [26] [INFO] Running on https://0.0.0.0:4566 (CTRL + C to quit)
2021-02-19T13:57:11:INFO:hypercorn.error: Running on https://0.0.0.0:4566 (CTRL + C to quit)
[2021-02-19 13:57:11 +0000] [26] [INFO] Running on http://0.0.0.0:48553 (CTRL + C to quit)
2021-02-19T13:57:11:INFO:hypercorn.error: Running on http://0.0.0.0:48553 (CTRL + C to quit)
Waiting for all LocalStack services to be ready
Waiting for all LocalStack services to be ready
Waiting for all LocalStack services to be ready
Ready.
2021-02-19T13:57:35:INFO:localstack.utils.analytics.profiler: Execution of "start_api_services" took 23989.539861679077ms
