Feb 19, 2021 1:56:47 PM config.clients.ClientModule configure
INFO: Configuring client
Feb 19, 2021 1:56:48 PM config.clients.ClientModule configure
INFO: Storage root: data
Feb 19, 2021 1:56:48 PM config.clients.ClientModule configure
INFO: Configured AWS S3 Storage
Feb 19, 2021 1:56:50 PM src.clients.HttpMasterClient <init>
INFO: Registering master client with url: http://master-api-server:5000
SLF4J: Failed to load class "org.slf4j.impl.StaticLoggerBinder".
SLF4J: Defaulting to no-operation (NOP) logger implementation
SLF4J: See http://www.slf4j.org/codes.html#StaticLoggerBinder for further details.
Feb 19, 2021 1:56:52 PM node.Main startServer
INFO: Ready to serve
Feb 19, 2021 1:56:53 PM config.clients.S3ClientModule setEndpointOverride
INFO: Local config detected. Setting PathStyleAccessEnabled
Feb 19, 2021 1:56:53 PM config.clients.S3ClientModule provideS3Client
INFO: S3 client configured for endpoint: http://localstack:4566 In region null
Feb 19, 2021 1:57:06 PM config.clients.S3ClientModule setEndpointOverride
INFO: Local config detected. Setting PathStyleAccessEnabled
Feb 19, 2021 1:57:06 PM config.clients.S3ClientModule provideS3Client
INFO: S3 client configured for endpoint: http://localstack:4566 In region null
Feb 19, 2021 1:57:06 PM config.clients.S3ClientModule setEndpointOverride
INFO: Local config detected. Setting PathStyleAccessEnabled
Feb 19, 2021 1:57:06 PM config.clients.S3ClientModule provideS3Client
INFO: S3 client configured for endpoint: http://localstack:4566 In region null
Feb 19, 2021 1:57:06 PM src.clients.HttpMasterClient registerRequest
INFO: Registering node
Feb 19, 2021 1:57:10 PM node.Main main
INFO: Got node registration with id ee3c91a98200497d94b3e3b9982c8fa3
Feb 19, 2021 1:57:16 PM src.resources.HeartbeatResource getHeartbeat
INFO: Node heartbeat request for node ee3c91a98200497d94b3e3b9982c8fa3
Feb 19, 2021 1:57:17 PM src.clients.S3StorageClient getLightweightEntires
INFO: Getting lightweight entries
Feb 19, 2021 1:57:17 PM src.clients.S3StorageClient getAllObjectSummaries
INFO: Reaching out to S3 for object summaries
Feb 19, 2021 1:57:36 PM src.handlers.HeartbeatHandler doPost
SEVERE: Exception while trying to get heartbeat
com.amazonaws.services.s3.model.AmazonS3Exception: The specified bucket does not exist (Service: Amazon S3; Status Code: 404; Error Code: NoSuchBucket; Request ID: null; S3 Extended Request ID: null), S3 Extended Request ID: null
	at com.amazonaws.http.AmazonHttpClient$RequestExecutor.handleErrorResponse(AmazonHttpClient.java:1632)
	at com.amazonaws.http.AmazonHttpClient$RequestExecutor.executeOneRequest(AmazonHttpClient.java:1304)
	at com.amazonaws.http.AmazonHttpClient$RequestExecutor.executeHelper(AmazonHttpClient.java:1058)
	at com.amazonaws.http.AmazonHttpClient$RequestExecutor.doExecute(AmazonHttpClient.java:743)
	at com.amazonaws.http.AmazonHttpClient$RequestExecutor.executeWithTimer(AmazonHttpClient.java:717)
	at com.amazonaws.http.AmazonHttpClient$RequestExecutor.execute(AmazonHttpClient.java:699)
	at com.amazonaws.http.AmazonHttpClient$RequestExecutor.access$500(AmazonHttpClient.java:667)
	at com.amazonaws.http.AmazonHttpClient$RequestExecutionBuilderImpl.execute(AmazonHttpClient.java:649)
	at com.amazonaws.http.AmazonHttpClient.execute(AmazonHttpClient.java:513)
	at com.amazonaws.services.s3.AmazonS3Client.invoke(AmazonS3Client.java:4365)
	at com.amazonaws.services.s3.AmazonS3Client.invoke(AmazonS3Client.java:4312)
	at com.amazonaws.services.s3.AmazonS3Client.invoke(AmazonS3Client.java:4306)
	at com.amazonaws.services.s3.AmazonS3Client.listObjectsV2(AmazonS3Client.java:882)
	at com.amazonaws.services.s3.AmazonS3Client.listObjectsV2(AmazonS3Client.java:846)
	at src.clients.S3StorageClient.getAllObjectSummaries(S3StorageClient.java:105)
	at src.clients.S3StorageClient.getLightweightEntires(S3StorageClient.java:146)
	at src.clients.S3StorageClient.getIndexChecksum(S3StorageClient.java:246)
	at src.resources.HeartbeatResource.getHeartbeat(HeartbeatResource.java:33)
	at src.handlers.HeartbeatHandler.doPost(HeartbeatHandler.java:36)
	at javax.servlet.http.HttpServlet.service(HttpServlet.java:707)
	at javax.servlet.http.HttpServlet.service(HttpServlet.java:790)
	at com.google.inject.servlet.ServletDefinition.doServiceImpl(ServletDefinition.java:290)
	at com.google.inject.servlet.ServletDefinition.doService(ServletDefinition.java:280)
	at com.google.inject.servlet.ServletDefinition.service(ServletDefinition.java:184)
	at com.google.inject.servlet.ManagedServletPipeline.service(ManagedServletPipeline.java:89)
	at com.google.inject.servlet.FilterChainInvocation.doFilter(FilterChainInvocation.java:85)
	at com.google.inject.servlet.ManagedFilterPipeline.dispatch(ManagedFilterPipeline.java:121)
	at com.google.inject.servlet.GuiceFilter.doFilter(GuiceFilter.java:133)
	at org.eclipse.jetty.servlet.ServletHandler$CachedChain.doFilter(ServletHandler.java:1610)
	at org.eclipse.jetty.servlet.ServletHandler.doHandle(ServletHandler.java:540)
	at org.eclipse.jetty.server.handler.ScopedHandler.nextHandle(ScopedHandler.java:255)
	at org.eclipse.jetty.server.session.SessionHandler.doHandle(SessionHandler.java:1701)
	at org.eclipse.jetty.server.handler.ScopedHandler.nextHandle(ScopedHandler.java:255)
	at org.eclipse.jetty.server.handler.ContextHandler.doHandle(ContextHandler.java:1345)
	at org.eclipse.jetty.server.handler.ScopedHandler.nextScope(ScopedHandler.java:203)
	at org.eclipse.jetty.servlet.ServletHandler.doScope(ServletHandler.java:480)
	at org.eclipse.jetty.server.session.SessionHandler.doScope(SessionHandler.java:1668)
	at org.eclipse.jetty.server.handler.ScopedHandler.nextScope(ScopedHandler.java:201)
	at org.eclipse.jetty.server.handler.ContextHandler.doScope(ContextHandler.java:1247)
	at org.eclipse.jetty.server.handler.ScopedHandler.handle(ScopedHandler.java:144)
	at org.eclipse.jetty.server.handler.HandlerWrapper.handle(HandlerWrapper.java:132)
	at org.eclipse.jetty.server.Server.handle(Server.java:502)
	at org.eclipse.jetty.server.HttpChannel.handle(HttpChannel.java:370)
	at org.eclipse.jetty.server.HttpConnection.onFillable(HttpConnection.java:267)
	at org.eclipse.jetty.io.AbstractConnection$ReadCallback.succeeded(AbstractConnection.java:305)
	at org.eclipse.jetty.io.FillInterest.fillable(FillInterest.java:103)
	at org.eclipse.jetty.io.ChannelEndPoint$2.run(ChannelEndPoint.java:117)
	at org.eclipse.jetty.util.thread.strategy.EatWhatYouKill.runTask(EatWhatYouKill.java:333)
	at org.eclipse.jetty.util.thread.strategy.EatWhatYouKill.doProduce(EatWhatYouKill.java:310)
	at org.eclipse.jetty.util.thread.strategy.EatWhatYouKill.tryProduce(EatWhatYouKill.java:168)
	at org.eclipse.jetty.util.thread.strategy.EatWhatYouKill.produce(EatWhatYouKill.java:132)
	at org.eclipse.jetty.util.thread.QueuedThreadPool.runJob(QueuedThreadPool.java:765)
	at org.eclipse.jetty.util.thread.QueuedThreadPool$2.run(QueuedThreadPool.java:683)
	at java.lang.Thread.run(Thread.java:748)

Feb 19, 2021 1:57:37 PM src.resources.HeartbeatResource getHeartbeat
INFO: Node heartbeat request for node ee3c91a98200497d94b3e3b9982c8fa3
Feb 19, 2021 1:57:37 PM src.clients.S3StorageClient getLightweightEntires
INFO: Getting lightweight entries
Feb 19, 2021 1:57:37 PM src.clients.S3StorageClient getAllObjectSummaries
INFO: Reaching out to S3 for object summaries
Feb 19, 2021 1:57:38 PM src.clients.S3StorageClient getLightweightEntires
INFO: Found 0 keyed entries
Feb 19, 2021 1:57:38 PM src.clients.S3StorageClient getLightweightEntires
INFO: Found 0 lightweight entry meta-map entries
Feb 19, 2021 1:57:38 PM src.clients.S3StorageClient getLightweightEntires
INFO: Found 0 virtualizable entries
Feb 19, 2021 1:57:38 PM src.clients.S3StorageClient getIndexChecksum
INFO: Index Hash: e3b0c44298fc1c149afbf4c8996fb92427ae41e4649b934ca495991b7852b855
Feb 19, 2021 1:57:39 PM src.clients.S3StorageClient buildFullIndex
INFO: Building full index...
Feb 19, 2021 1:57:39 PM src.clients.S3StorageClient getAllObjectSummaries
INFO: Reaching out to S3 for object summaries
Feb 19, 2021 1:57:39 PM src.clients.S3StorageClient buildFullIndex
INFO: Found 3 IndexEntries
Feb 19, 2021 1:57:39 PM src.clients.S3StorageClient buildFullIndex
INFO: Entry MetaMap size: 1
Feb 19, 2021 1:57:39 PM src.clients.S3StorageClient combineAndHydrate
INFO: Trying to get object as string s3://data/foo_METADATA.json
Feb 19, 2021 1:57:40 PM src.clients.S3StorageClient combineAndHydrate
INFO: Metdata Content: {
	"@context": {
	    "@language": "en",
	    "edm": "https://data.elsevier.com/schema/edm/",
	    "dcat": "http://www.w3.org/ns/dcat#",
	    "dct": "http://purl.org/dc/terms/",
	    "pav": "http://purl.org/pav/",
	    "schema": "http://schema.org/",
	    "pav:derivedFrom": {"@type": "@id"},
	    "pav:createdWith": {"@type": "@id"}
	},
	"@id": "s3://data/foo.txt",
	"@type": ["edm:DataSet"],
	"dcat:title": "Report 1",
	"dcat:format": "txt",
	"pav:lastUpdateOn": "2018-02-07T00:00:00",
	"dcat:contactPoint": "els-labs@elsevier.com",
	"pav:createdOn": "2018-02-07T00:00:00",
	"pav:derivedFrom": [
	    "s3://els-sciencedirect-cat-annotations-01312018/genia",
	    "s3://els-sciencedirect-cat-annotations-01312018/keys/ccby-open-access"
	],
	"pav:createdWith": "https://gitlab.et-scm.com/elsevierlabs/CreateAnnotations/blob/5627db04dcf5d52adad95050ae18a8f1e9ad10bc/src/main/java/com/elsevier/spark/GeniaParquetFromGeniaAsset.java",
	"dct:description": "foo file"
}

Feb 19, 2021 1:57:40 PM src.clients.S3StorageClient buildFullIndex
INFO: Combined size: [IndexEntry{key=foo.txt, metadata=Optional[{"@context":{"@language":"en","edm":"https://data.elsevier.com/schema/edm/","dcat":"http://www.w3.org/ns/dcat#","dct":"http://purl.org/dc/terms/","pav":"http://purl.org/pav/","schema":"http://schema.org/","pav:derivedFrom":{"@type":"@id"},"pav:createdWith":{"@type":"@id"}},"@id":"s3://data/foo.txt","@type":["edm:DataSet"],"dcat:title":"Report 1","dcat:format":"txt","pav:lastUpdateOn":"2018-02-07T00:00:00","dcat:contactPoint":"els-labs@elsevier.com","pav:createdOn":"2018-02-07T00:00:00","pav:derivedFrom":["s3://els-sciencedirect-cat-annotations-01312018/genia","s3://els-sciencedirect-cat-annotations-01312018/keys/ccby-open-access"],"pav:createdWith":"https://gitlab.et-scm.com/elsevierlabs/CreateAnnotations/blob/5627db04dcf5d52adad95050ae18a8f1e9ad10bc/src/main/java/com/elsevier/spark/GeniaParquetFromGeniaAsset.java","dct:description":"foo file"}], checksum=d05053f89bfaab0ad66b83bbde08c120, metadataChecksum=Optional[ab66ff1efcc2fc8813d05dae7e887d0b]}]
Feb 19, 2021 1:57:40 PM src.clients.S3StorageClient buildCollectionDefinitionDocument
INFO: No collection definition document specified. Please write a COLLECTION_DEFINITION.json at the root of bucket %s to utilize collections.
Feb 19, 2021 1:57:40 PM src.clients.S3StorageClient buildFullIndex
INFO: Full index built with checksum f0367846245718122c9ca2310d6b01f571756918276f5805e132b127211de143
Feb 19, 2021 1:57:41 PM src.handlers.IndexHandler doGet
INFO: Returning index: {
  "entries": [{
    "key": "foo.txt",
    "metadata": "{\"@context\":{\"@language\":\"en\",\"edm\":\"https://data.elsevier.com/schema/edm/\",\"dcat\":\"http://www.w3.org/ns/dcat#\",\"dct\":\"http://purl.org/dc/terms/\",\"pav\":\"http://purl.org/pav/\",\"schema\":\"http://schema.org/\",\"pav:derivedFrom\":{\"@type\":\"@id\"},\"pav:createdWith\":{\"@type\":\"@id\"}},\"@id\":\"s3://data/foo.txt\",\"@type\":[\"edm:DataSet\"],\"dcat:title\":\"Report 1\",\"dcat:format\":\"txt\",\"pav:lastUpdateOn\":\"2018-02-07T00:00:00\",\"dcat:contactPoint\":\"els-labs@elsevier.com\",\"pav:createdOn\":\"2018-02-07T00:00:00\",\"pav:derivedFrom\":[\"s3://els-sciencedirect-cat-annotations-01312018/genia\",\"s3://els-sciencedirect-cat-annotations-01312018/keys/ccby-open-access\"],\"pav:createdWith\":\"https://gitlab.et-scm.com/elsevierlabs/CreateAnnotations/blob/5627db04dcf5d52adad95050ae18a8f1e9ad10bc/src/main/java/com/elsevier/spark/GeniaParquetFromGeniaAsset.java\",\"dct:description\":\"foo file\"}",
    "checksum": "d05053f89bfaab0ad66b83bbde08c120",
    "metadataChecksum": "ab66ff1efcc2fc8813d05dae7e887d0b"
  }],
  "nodeId": "ee3c91a98200497d94b3e3b9982c8fa3",
  "checksum": "f0367846245718122c9ca2310d6b01f571756918276f5805e132b127211de143",
  "responsibilityCenter": "precision_medicine"
}
Feb 19, 2021 1:57:44 PM src.resources.HeartbeatResource getHeartbeat
INFO: Node heartbeat request for node ee3c91a98200497d94b3e3b9982c8fa3
Feb 19, 2021 1:57:44 PM src.clients.S3StorageClient getLightweightEntires
INFO: Getting lightweight entries
Feb 19, 2021 1:57:44 PM src.clients.S3StorageClient getAllObjectSummaries
INFO: Reaching out to S3 for object summaries
Feb 19, 2021 1:57:44 PM src.clients.S3StorageClient getLightweightEntires
INFO: Found 3 keyed entries
Feb 19, 2021 1:57:44 PM src.clients.S3StorageClient getLightweightEntires
INFO: Found 1 lightweight entry meta-map entries
Feb 19, 2021 1:57:44 PM src.clients.S3StorageClient getLightweightEntires
INFO: Found 1 virtualizable entries
Feb 19, 2021 1:57:44 PM src.clients.S3StorageClient getIndexChecksum
INFO: Index Hash: f0367846245718122c9ca2310d6b01f571756918276f5805e132b127211de143
Feb 19, 2021 1:57:44 PM src.clients.S3StorageClient buildFullIndex
INFO: Building full index...
Feb 19, 2021 1:57:44 PM src.clients.S3StorageClient getAllObjectSummaries
INFO: Reaching out to S3 for object summaries
Feb 19, 2021 1:57:44 PM src.clients.S3StorageClient buildFullIndex
INFO: Found 3 IndexEntries
Feb 19, 2021 1:57:44 PM src.clients.S3StorageClient buildFullIndex
INFO: Entry MetaMap size: 1
Feb 19, 2021 1:57:44 PM src.clients.S3StorageClient combineAndHydrate
INFO: Trying to get object as string s3://data/foo_METADATA.json
Feb 19, 2021 1:57:45 PM src.clients.S3StorageClient combineAndHydrate
INFO: Metdata Content: {
	"@context": {
	    "@language": "en",
	    "edm": "https://data.elsevier.com/schema/edm/",
	    "dcat": "http://www.w3.org/ns/dcat#",
	    "dct": "http://purl.org/dc/terms/",
	    "pav": "http://purl.org/pav/",
	    "schema": "http://schema.org/",
	    "pav:derivedFrom": {"@type": "@id"},
	    "pav:createdWith": {"@type": "@id"}
	},
	"@id": "s3://data/foo.txt",
	"@type": ["edm:DataSet"],
	"dcat:title": "Report 1",
	"dcat:format": "txt",
	"pav:lastUpdateOn": "2018-02-07T00:00:00",
	"dcat:contactPoint": "els-labs@elsevier.com",
	"pav:createdOn": "2018-02-07T00:00:00",
	"pav:derivedFrom": [
	    "s3://els-sciencedirect-cat-annotations-01312018/genia",
	    "s3://els-sciencedirect-cat-annotations-01312018/keys/ccby-open-access"
	],
	"pav:createdWith": "https://gitlab.et-scm.com/elsevierlabs/CreateAnnotations/blob/5627db04dcf5d52adad95050ae18a8f1e9ad10bc/src/main/java/com/elsevier/spark/GeniaParquetFromGeniaAsset.java",
	"dct:description": "foo file"
}

Feb 19, 2021 1:57:45 PM src.clients.S3StorageClient buildFullIndex
INFO: Combined size: [IndexEntry{key=foo.txt, metadata=Optional[{"@context":{"@language":"en","edm":"https://data.elsevier.com/schema/edm/","dcat":"http://www.w3.org/ns/dcat#","dct":"http://purl.org/dc/terms/","pav":"http://purl.org/pav/","schema":"http://schema.org/","pav:derivedFrom":{"@type":"@id"},"pav:createdWith":{"@type":"@id"}},"@id":"s3://data/foo.txt","@type":["edm:DataSet"],"dcat:title":"Report 1","dcat:format":"txt","pav:lastUpdateOn":"2018-02-07T00:00:00","dcat:contactPoint":"els-labs@elsevier.com","pav:createdOn":"2018-02-07T00:00:00","pav:derivedFrom":["s3://els-sciencedirect-cat-annotations-01312018/genia","s3://els-sciencedirect-cat-annotations-01312018/keys/ccby-open-access"],"pav:createdWith":"https://gitlab.et-scm.com/elsevierlabs/CreateAnnotations/blob/5627db04dcf5d52adad95050ae18a8f1e9ad10bc/src/main/java/com/elsevier/spark/GeniaParquetFromGeniaAsset.java","dct:description":"foo file"}], checksum=d05053f89bfaab0ad66b83bbde08c120, metadataChecksum=Optional[ab66ff1efcc2fc8813d05dae7e887d0b]}]
Feb 19, 2021 1:57:45 PM src.clients.S3StorageClient buildCollectionDefinitionDocument
INFO: No collection definition document specified. Please write a COLLECTION_DEFINITION.json at the root of bucket %s to utilize collections.
Feb 19, 2021 1:57:45 PM src.clients.S3StorageClient buildFullIndex
INFO: Full index built with checksum f0367846245718122c9ca2310d6b01f571756918276f5805e132b127211de143
Feb 19, 2021 1:57:45 PM src.handlers.IndexHandler doGet
INFO: Returning index: {
  "entries": [{
    "key": "foo.txt",
    "metadata": "{\"@context\":{\"@language\":\"en\",\"edm\":\"https://data.elsevier.com/schema/edm/\",\"dcat\":\"http://www.w3.org/ns/dcat#\",\"dct\":\"http://purl.org/dc/terms/\",\"pav\":\"http://purl.org/pav/\",\"schema\":\"http://schema.org/\",\"pav:derivedFrom\":{\"@type\":\"@id\"},\"pav:createdWith\":{\"@type\":\"@id\"}},\"@id\":\"s3://data/foo.txt\",\"@type\":[\"edm:DataSet\"],\"dcat:title\":\"Report 1\",\"dcat:format\":\"txt\",\"pav:lastUpdateOn\":\"2018-02-07T00:00:00\",\"dcat:contactPoint\":\"els-labs@elsevier.com\",\"pav:createdOn\":\"2018-02-07T00:00:00\",\"pav:derivedFrom\":[\"s3://els-sciencedirect-cat-annotations-01312018/genia\",\"s3://els-sciencedirect-cat-annotations-01312018/keys/ccby-open-access\"],\"pav:createdWith\":\"https://gitlab.et-scm.com/elsevierlabs/CreateAnnotations/blob/5627db04dcf5d52adad95050ae18a8f1e9ad10bc/src/main/java/com/elsevier/spark/GeniaParquetFromGeniaAsset.java\",\"dct:description\":\"foo file\"}",
    "checksum": "d05053f89bfaab0ad66b83bbde08c120",
    "metadataChecksum": "ab66ff1efcc2fc8813d05dae7e887d0b"
  }],
  "nodeId": "ee3c91a98200497d94b3e3b9982c8fa3",
  "checksum": "f0367846245718122c9ca2310d6b01f571756918276f5805e132b127211de143",
  "responsibilityCenter": "precision_medicine"
}
Feb 19, 2021 1:57:45 PM src.resources.HeartbeatResource getHeartbeat
INFO: Node heartbeat request for node ee3c91a98200497d94b3e3b9982c8fa3
Feb 19, 2021 1:57:45 PM src.clients.S3StorageClient getLightweightEntires
INFO: Getting lightweight entries
Feb 19, 2021 1:57:45 PM src.clients.S3StorageClient getAllObjectSummaries
INFO: Reaching out to S3 for object summaries
Feb 19, 2021 1:57:45 PM src.clients.S3StorageClient getLightweightEntires
INFO: Found 3 keyed entries
Feb 19, 2021 1:57:45 PM src.clients.S3StorageClient getLightweightEntires
INFO: Found 1 lightweight entry meta-map entries
Feb 19, 2021 1:57:45 PM src.clients.S3StorageClient getLightweightEntires
INFO: Found 1 virtualizable entries
Feb 19, 2021 1:57:45 PM src.clients.S3StorageClient getIndexChecksum
INFO: Index Hash: f0367846245718122c9ca2310d6b01f571756918276f5805e132b127211de143
Feb 19, 2021 1:57:51 PM src.resources.HeartbeatResource getHeartbeat
INFO: Node heartbeat request for node ee3c91a98200497d94b3e3b9982c8fa3
Feb 19, 2021 1:57:51 PM src.clients.S3StorageClient getLightweightEntires
INFO: Getting lightweight entries
Feb 19, 2021 1:57:51 PM src.clients.S3StorageClient getAllObjectSummaries
INFO: Reaching out to S3 for object summaries
Feb 19, 2021 1:57:51 PM src.clients.S3StorageClient getLightweightEntires
INFO: Found 3 keyed entries
Feb 19, 2021 1:57:51 PM src.clients.S3StorageClient getLightweightEntires
INFO: Found 1 lightweight entry meta-map entries
Feb 19, 2021 1:57:51 PM src.clients.S3StorageClient getLightweightEntires
INFO: Found 1 virtualizable entries
Feb 19, 2021 1:57:51 PM src.clients.S3StorageClient getIndexChecksum
INFO: Index Hash: f0367846245718122c9ca2310d6b01f571756918276f5805e132b127211de143
Feb 19, 2021 1:57:58 PM src.resources.HeartbeatResource getHeartbeat
INFO: Node heartbeat request for node ee3c91a98200497d94b3e3b9982c8fa3
Feb 19, 2021 1:57:58 PM src.clients.S3StorageClient getLightweightEntires
INFO: Getting lightweight entries
Feb 19, 2021 1:57:58 PM src.clients.S3StorageClient getAllObjectSummaries
INFO: Reaching out to S3 for object summaries
Feb 19, 2021 1:57:58 PM src.clients.S3StorageClient getLightweightEntires
INFO: Found 3 keyed entries
Feb 19, 2021 1:57:58 PM src.clients.S3StorageClient getLightweightEntires
INFO: Found 1 lightweight entry meta-map entries
Feb 19, 2021 1:57:58 PM src.clients.S3StorageClient getLightweightEntires
INFO: Found 1 virtualizable entries
Feb 19, 2021 1:57:58 PM src.clients.S3StorageClient getIndexChecksum
INFO: Index Hash: f0367846245718122c9ca2310d6b01f571756918276f5805e132b127211de143
Feb 19, 2021 1:58:05 PM src.resources.HeartbeatResource getHeartbeat
INFO: Node heartbeat request for node ee3c91a98200497d94b3e3b9982c8fa3
Feb 19, 2021 1:58:05 PM src.clients.S3StorageClient getLightweightEntires
INFO: Getting lightweight entries
Feb 19, 2021 1:58:05 PM src.clients.S3StorageClient getAllObjectSummaries
INFO: Reaching out to S3 for object summaries
Feb 19, 2021 1:58:05 PM src.clients.S3StorageClient getLightweightEntires
INFO: Found 3 keyed entries
Feb 19, 2021 1:58:05 PM src.clients.S3StorageClient getLightweightEntires
INFO: Found 1 lightweight entry meta-map entries
Feb 19, 2021 1:58:05 PM src.clients.S3StorageClient getLightweightEntires
INFO: Found 1 virtualizable entries
Feb 19, 2021 1:58:05 PM src.clients.S3StorageClient getIndexChecksum
INFO: Index Hash: f0367846245718122c9ca2310d6b01f571756918276f5805e132b127211de143
Feb 19, 2021 1:58:12 PM src.resources.HeartbeatResource getHeartbeat
INFO: Node heartbeat request for node ee3c91a98200497d94b3e3b9982c8fa3
Feb 19, 2021 1:58:12 PM src.clients.S3StorageClient getLightweightEntires
INFO: Getting lightweight entries
Feb 19, 2021 1:58:12 PM src.clients.S3StorageClient getAllObjectSummaries
INFO: Reaching out to S3 for object summaries
Feb 19, 2021 1:58:12 PM src.clients.S3StorageClient getLightweightEntires
INFO: Found 3 keyed entries
Feb 19, 2021 1:58:12 PM src.clients.S3StorageClient getLightweightEntires
INFO: Found 1 lightweight entry meta-map entries
Feb 19, 2021 1:58:12 PM src.clients.S3StorageClient getLightweightEntires
INFO: Found 1 virtualizable entries
Feb 19, 2021 1:58:12 PM src.clients.S3StorageClient getIndexChecksum
INFO: Index Hash: f0367846245718122c9ca2310d6b01f571756918276f5805e132b127211de143
Feb 19, 2021 1:58:19 PM src.resources.HeartbeatResource getHeartbeat
INFO: Node heartbeat request for node ee3c91a98200497d94b3e3b9982c8fa3
Feb 19, 2021 1:58:19 PM src.clients.S3StorageClient getLightweightEntires
INFO: Getting lightweight entries
Feb 19, 2021 1:58:19 PM src.clients.S3StorageClient getAllObjectSummaries
INFO: Reaching out to S3 for object summaries
Feb 19, 2021 1:58:19 PM src.clients.S3StorageClient getLightweightEntires
INFO: Found 3 keyed entries
Feb 19, 2021 1:58:19 PM src.clients.S3StorageClient getLightweightEntires
INFO: Found 1 lightweight entry meta-map entries
Feb 19, 2021 1:58:19 PM src.clients.S3StorageClient getLightweightEntires
INFO: Found 1 virtualizable entries
Feb 19, 2021 1:58:19 PM src.clients.S3StorageClient getIndexChecksum
INFO: Index Hash: f0367846245718122c9ca2310d6b01f571756918276f5805e132b127211de143
Feb 19, 2021 1:58:26 PM src.resources.HeartbeatResource getHeartbeat
INFO: Node heartbeat request for node ee3c91a98200497d94b3e3b9982c8fa3
Feb 19, 2021 1:58:26 PM src.clients.S3StorageClient getLightweightEntires
INFO: Getting lightweight entries
Feb 19, 2021 1:58:26 PM src.clients.S3StorageClient getAllObjectSummaries
INFO: Reaching out to S3 for object summaries
Feb 19, 2021 1:58:26 PM src.clients.S3StorageClient getLightweightEntires
INFO: Found 3 keyed entries
Feb 19, 2021 1:58:26 PM src.clients.S3StorageClient getLightweightEntires
INFO: Found 1 lightweight entry meta-map entries
Feb 19, 2021 1:58:26 PM src.clients.S3StorageClient getLightweightEntires
INFO: Found 1 virtualizable entries
Feb 19, 2021 1:58:26 PM src.clients.S3StorageClient getIndexChecksum
INFO: Index Hash: f0367846245718122c9ca2310d6b01f571756918276f5805e132b127211de143
Feb 19, 2021 1:58:33 PM src.resources.HeartbeatResource getHeartbeat
INFO: Node heartbeat request for node ee3c91a98200497d94b3e3b9982c8fa3
Feb 19, 2021 1:58:33 PM src.clients.S3StorageClient getLightweightEntires
INFO: Getting lightweight entries
Feb 19, 2021 1:58:33 PM src.clients.S3StorageClient getAllObjectSummaries
INFO: Reaching out to S3 for object summaries
Feb 19, 2021 1:58:33 PM src.clients.S3StorageClient getLightweightEntires
INFO: Found 3 keyed entries
Feb 19, 2021 1:58:33 PM src.clients.S3StorageClient getLightweightEntires
INFO: Found 1 lightweight entry meta-map entries
Feb 19, 2021 1:58:33 PM src.clients.S3StorageClient getLightweightEntires
INFO: Found 1 virtualizable entries
Feb 19, 2021 1:58:33 PM src.clients.S3StorageClient getIndexChecksum
INFO: Index Hash: f0367846245718122c9ca2310d6b01f571756918276f5805e132b127211de143
Feb 19, 2021 1:58:40 PM src.resources.HeartbeatResource getHeartbeat
INFO: Node heartbeat request for node ee3c91a98200497d94b3e3b9982c8fa3
Feb 19, 2021 1:58:40 PM src.clients.S3StorageClient getLightweightEntires
INFO: Getting lightweight entries
Feb 19, 2021 1:58:40 PM src.clients.S3StorageClient getAllObjectSummaries
INFO: Reaching out to S3 for object summaries
Feb 19, 2021 1:58:40 PM src.clients.S3StorageClient getLightweightEntires
INFO: Found 3 keyed entries
Feb 19, 2021 1:58:40 PM src.clients.S3StorageClient getLightweightEntires
INFO: Found 1 lightweight entry meta-map entries
Feb 19, 2021 1:58:40 PM src.clients.S3StorageClient getLightweightEntires
INFO: Found 1 virtualizable entries
Feb 19, 2021 1:58:40 PM src.clients.S3StorageClient getIndexChecksum
INFO: Index Hash: f0367846245718122c9ca2310d6b01f571756918276f5805e132b127211de143
Feb 19, 2021 1:58:47 PM src.resources.HeartbeatResource getHeartbeat
INFO: Node heartbeat request for node ee3c91a98200497d94b3e3b9982c8fa3
Feb 19, 2021 1:58:47 PM src.clients.S3StorageClient getLightweightEntires
INFO: Getting lightweight entries
Feb 19, 2021 1:58:47 PM src.clients.S3StorageClient getAllObjectSummaries
INFO: Reaching out to S3 for object summaries
Feb 19, 2021 1:58:47 PM src.clients.S3StorageClient getLightweightEntires
INFO: Found 3 keyed entries
Feb 19, 2021 1:58:47 PM src.clients.S3StorageClient getLightweightEntires
INFO: Found 1 lightweight entry meta-map entries
Feb 19, 2021 1:58:47 PM src.clients.S3StorageClient getLightweightEntires
INFO: Found 1 virtualizable entries
Feb 19, 2021 1:58:47 PM src.clients.S3StorageClient getIndexChecksum
INFO: Index Hash: f0367846245718122c9ca2310d6b01f571756918276f5805e132b127211de143
Feb 19, 2021 1:58:54 PM src.resources.HeartbeatResource getHeartbeat
INFO: Node heartbeat request for node ee3c91a98200497d94b3e3b9982c8fa3
Feb 19, 2021 1:58:54 PM src.clients.S3StorageClient getLightweightEntires
INFO: Getting lightweight entries
Feb 19, 2021 1:58:54 PM src.clients.S3StorageClient getAllObjectSummaries
INFO: Reaching out to S3 for object summaries
Feb 19, 2021 1:58:54 PM src.clients.S3StorageClient getLightweightEntires
INFO: Found 3 keyed entries
Feb 19, 2021 1:58:54 PM src.clients.S3StorageClient getLightweightEntires
INFO: Found 1 lightweight entry meta-map entries
Feb 19, 2021 1:58:54 PM src.clients.S3StorageClient getLightweightEntires
INFO: Found 1 virtualizable entries
Feb 19, 2021 1:58:54 PM src.clients.S3StorageClient getIndexChecksum
INFO: Index Hash: f0367846245718122c9ca2310d6b01f571756918276f5805e132b127211de143
Feb 19, 2021 1:59:01 PM src.resources.HeartbeatResource getHeartbeat
INFO: Node heartbeat request for node ee3c91a98200497d94b3e3b9982c8fa3
Feb 19, 2021 1:59:01 PM src.clients.S3StorageClient getLightweightEntires
INFO: Getting lightweight entries
Feb 19, 2021 1:59:01 PM src.clients.S3StorageClient getAllObjectSummaries
INFO: Reaching out to S3 for object summaries
Feb 19, 2021 1:59:01 PM src.clients.S3StorageClient getLightweightEntires
INFO: Found 3 keyed entries
Feb 19, 2021 1:59:01 PM src.clients.S3StorageClient getLightweightEntires
INFO: Found 1 lightweight entry meta-map entries
Feb 19, 2021 1:59:01 PM src.clients.S3StorageClient getLightweightEntires
INFO: Found 1 virtualizable entries
Feb 19, 2021 1:59:01 PM src.clients.S3StorageClient getIndexChecksum
INFO: Index Hash: f0367846245718122c9ca2310d6b01f571756918276f5805e132b127211de143
Feb 19, 2021 1:59:08 PM src.resources.HeartbeatResource getHeartbeat
INFO: Node heartbeat request for node ee3c91a98200497d94b3e3b9982c8fa3
Feb 19, 2021 1:59:08 PM src.clients.S3StorageClient getLightweightEntires
INFO: Getting lightweight entries
Feb 19, 2021 1:59:08 PM src.clients.S3StorageClient getAllObjectSummaries
INFO: Reaching out to S3 for object summaries
Feb 19, 2021 1:59:08 PM src.clients.S3StorageClient getLightweightEntires
INFO: Found 3 keyed entries
Feb 19, 2021 1:59:08 PM src.clients.S3StorageClient getLightweightEntires
INFO: Found 1 lightweight entry meta-map entries
Feb 19, 2021 1:59:08 PM src.clients.S3StorageClient getLightweightEntires
INFO: Found 1 virtualizable entries
Feb 19, 2021 1:59:08 PM src.clients.S3StorageClient getIndexChecksum
INFO: Index Hash: f0367846245718122c9ca2310d6b01f571756918276f5805e132b127211de143
Feb 19, 2021 1:59:15 PM src.resources.HeartbeatResource getHeartbeat
INFO: Node heartbeat request for node ee3c91a98200497d94b3e3b9982c8fa3
Feb 19, 2021 1:59:15 PM src.clients.S3StorageClient getLightweightEntires
INFO: Getting lightweight entries
Feb 19, 2021 1:59:15 PM src.clients.S3StorageClient getAllObjectSummaries
INFO: Reaching out to S3 for object summaries
Feb 19, 2021 1:59:15 PM src.clients.S3StorageClient getLightweightEntires
INFO: Found 3 keyed entries
Feb 19, 2021 1:59:15 PM src.clients.S3StorageClient getLightweightEntires
INFO: Found 1 lightweight entry meta-map entries
Feb 19, 2021 1:59:15 PM src.clients.S3StorageClient getLightweightEntires
INFO: Found 1 virtualizable entries
Feb 19, 2021 1:59:15 PM src.clients.S3StorageClient getIndexChecksum
INFO: Index Hash: f0367846245718122c9ca2310d6b01f571756918276f5805e132b127211de143
Feb 19, 2021 1:59:22 PM src.resources.HeartbeatResource getHeartbeat
INFO: Node heartbeat request for node ee3c91a98200497d94b3e3b9982c8fa3
Feb 19, 2021 1:59:22 PM src.clients.S3StorageClient getLightweightEntires
INFO: Getting lightweight entries
Feb 19, 2021 1:59:22 PM src.clients.S3StorageClient getAllObjectSummaries
INFO: Reaching out to S3 for object summaries
Feb 19, 2021 1:59:22 PM src.clients.S3StorageClient getLightweightEntires
INFO: Found 3 keyed entries
Feb 19, 2021 1:59:22 PM src.clients.S3StorageClient getLightweightEntires
INFO: Found 1 lightweight entry meta-map entries
Feb 19, 2021 1:59:22 PM src.clients.S3StorageClient getLightweightEntires
INFO: Found 1 virtualizable entries
Feb 19, 2021 1:59:22 PM src.clients.S3StorageClient getIndexChecksum
INFO: Index Hash: f0367846245718122c9ca2310d6b01f571756918276f5805e132b127211de143
Feb 19, 2021 1:59:29 PM src.resources.HeartbeatResource getHeartbeat
INFO: Node heartbeat request for node ee3c91a98200497d94b3e3b9982c8fa3
Feb 19, 2021 1:59:29 PM src.clients.S3StorageClient getLightweightEntires
INFO: Getting lightweight entries
Feb 19, 2021 1:59:29 PM src.clients.S3StorageClient getAllObjectSummaries
INFO: Reaching out to S3 for object summaries
Feb 19, 2021 1:59:29 PM src.clients.S3StorageClient getLightweightEntires
INFO: Found 3 keyed entries
Feb 19, 2021 1:59:29 PM src.clients.S3StorageClient getLightweightEntires
INFO: Found 1 lightweight entry meta-map entries
Feb 19, 2021 1:59:29 PM src.clients.S3StorageClient getLightweightEntires
INFO: Found 1 virtualizable entries
Feb 19, 2021 1:59:29 PM src.clients.S3StorageClient getIndexChecksum
INFO: Index Hash: f0367846245718122c9ca2310d6b01f571756918276f5805e132b127211de143
Feb 19, 2021 1:59:36 PM src.resources.HeartbeatResource getHeartbeat
INFO: Node heartbeat request for node ee3c91a98200497d94b3e3b9982c8fa3
Feb 19, 2021 1:59:36 PM src.clients.S3StorageClient getLightweightEntires
INFO: Getting lightweight entries
Feb 19, 2021 1:59:36 PM src.clients.S3StorageClient getAllObjectSummaries
INFO: Reaching out to S3 for object summaries
Feb 19, 2021 1:59:36 PM src.clients.S3StorageClient getLightweightEntires
INFO: Found 3 keyed entries
Feb 19, 2021 1:59:36 PM src.clients.S3StorageClient getLightweightEntires
INFO: Found 1 lightweight entry meta-map entries
Feb 19, 2021 1:59:36 PM src.clients.S3StorageClient getLightweightEntires
INFO: Found 1 virtualizable entries
Feb 19, 2021 1:59:36 PM src.clients.S3StorageClient getIndexChecksum
INFO: Index Hash: f0367846245718122c9ca2310d6b01f571756918276f5805e132b127211de143
Feb 19, 2021 1:59:43 PM src.resources.HeartbeatResource getHeartbeat
INFO: Node heartbeat request for node ee3c91a98200497d94b3e3b9982c8fa3
Feb 19, 2021 1:59:43 PM src.clients.S3StorageClient getLightweightEntires
INFO: Getting lightweight entries
Feb 19, 2021 1:59:43 PM src.clients.S3StorageClient getAllObjectSummaries
INFO: Reaching out to S3 for object summaries
Feb 19, 2021 1:59:43 PM src.clients.S3StorageClient getLightweightEntires
INFO: Found 3 keyed entries
Feb 19, 2021 1:59:43 PM src.clients.S3StorageClient getLightweightEntires
INFO: Found 1 lightweight entry meta-map entries
Feb 19, 2021 1:59:43 PM src.clients.S3StorageClient getLightweightEntires
INFO: Found 1 virtualizable entries
Feb 19, 2021 1:59:43 PM src.clients.S3StorageClient getIndexChecksum
INFO: Index Hash: f0367846245718122c9ca2310d6b01f571756918276f5805e132b127211de143
