Starting up...
Connected to database
Attempting index creation...
Created ES index.
Scanning for nodes at time 2021-02-19 13:55:52.4869067 +0000 UTC m=+18.941852001
Error in postgres selection ERROR #42P01 relation "nodes" does not exist
Scanning for nodes at time 2021-02-19 13:56:00.0473539 +0000 UTC m=+26.502300501
Error in postgres selection ERROR #42P01 relation "nodes" does not exist
Scanning for nodes at time 2021-02-19 13:56:06.48795 +0000 UTC m=+32.942898001
Error in postgres selection ERROR #42P01 relation "nodes" does not exist
Scanning for nodes at time 2021-02-19 13:56:13.4915438 +0000 UTC m=+39.981174901
Error in postgres selection ERROR #42P01 relation "nodes" does not exist
Scanning for nodes at time 2021-02-19 13:56:20.4896468 +0000 UTC m=+46.979274301
Number of nodes: 0
Node consistency checking complete.  Cataloging...
Assets marked for cataloging: 0
Assets marked as uncataloggable: 0
Catalog updated.
Scanning for nodes at time 2021-02-19 13:56:27.461748 +0000 UTC m=+53.951375501
Number of nodes: 0
Node consistency checking complete.  Cataloging...
Assets marked for cataloging: 0
Assets marked as uncataloggable: 0
Catalog updated.
Scanning for nodes at time 2021-02-19 13:56:34.4690479 +0000 UTC m=+60.958675801
Number of nodes: 0
Node consistency checking complete.  Cataloging...
Assets marked for cataloging: 0
Assets marked as uncataloggable: 0
Catalog updated.
Scanning for nodes at time 2021-02-19 13:56:41.4619293 +0000 UTC m=+67.951556101
Number of nodes: 0
Node consistency checking complete.  Cataloging...
Assets marked for cataloging: 0
Assets marked as uncataloggable: 0
Catalog updated.
Scanning for nodes at time 2021-02-19 13:56:48.4113081 +0000 UTC m=+74.937213601
Number of nodes: 0
Node consistency checking complete.  Cataloging...
Assets marked for cataloging: 0
Assets marked as uncataloggable: 0
Catalog updated.
Scanning for nodes at time 2021-02-19 13:56:55.4130843 +0000 UTC m=+81.938988401
Number of nodes: 0
Node consistency checking complete.  Cataloging...
Assets marked for cataloging: 0
Assets marked as uncataloggable: 0
Catalog updated.
Scanning for nodes at time 2021-02-19 13:57:02.4112224 +0000 UTC m=+88.937126301
Number of nodes: 0
Node consistency checking complete.  Cataloging...
Assets marked for cataloging: 0
Assets marked as uncataloggable: 0
Catalog updated.
Scanning for nodes at time 2021-02-19 13:57:09.4166738 +0000 UTC m=+95.942577901
Number of nodes: 0
Node consistency checking complete.  Cataloging...
Assets marked for cataloging: 0
Assets marked as uncataloggable: 0
Catalog updated.
Scanning for nodes at time 2021-02-19 13:57:16.3777185 +0000 UTC m=+102.936052001
Number of nodes: 1
Reaching out to node ee3c91a98200497d94b3e3b9982c8fa3
Responded with status code 500
Node unavailable at id ee3c91a98200497d94b3e3b9982c8fa3
Error:  <nil>
Node consistency checking complete.  Cataloging...
Assets marked for cataloging: 0
Assets marked as uncataloggable: 0
Catalog updated.
Scanning for nodes at time 2021-02-19 13:57:23.3796762 +0000 UTC m=+109.938348901
Number of nodes: 1
Reaching out to node ee3c91a98200497d94b3e3b9982c8fa3
Master last at 
Node at e3b0c44298fc1c149afbf4c8996fb92427ae41e4649b934ca495991b7852b855
Updated node health to  DEGRADED
Node marked as degraded, getting index
stored metadata map[@context:map[@language:en dcat:http://www.w3.org/ns/dcat# dct:http://purl.org/dc/terms/ edm:https://data.elsevier.com/schema/edm/ pav:http://purl.org/pav/ pav:createdWith:map[@type:@id] pav:derivedFrom:map[@type:@id] schema:http://schema.org/] @id:s3://data/foo.txt @type:[edm:DataSet] dcat:contactPoint:els-labs@elsevier.com dcat:format:txt dcat:title:Report 1 dct:description:foo file pav:createdOn:2018-02-07T00:00:00 pav:createdWith:https://gitlab.et-scm.com/elsevierlabs/CreateAnnotations/blob/5627db04dcf5d52adad95050ae18a8f1e9ad10bc/src/main/java/com/elsevier/spark/GeniaParquetFromGeniaAsset.java pav:derivedFrom:[s3://els-sciencedirect-cat-annotations-01312018/genia s3://els-sciencedirect-cat-annotations-01312018/keys/ccby-open-access] pav:lastUpdateOn:2018-02-07T00:00:00]
Updated node index
Updated node health to  AVAILABLE
Node consistency checking complete.  Cataloging...
Assets marked for cataloging: 1
Assets marked as uncataloggable: 0
Catalog updated.
Scanning for nodes at time 2021-02-19 13:57:37.5584884 +0000 UTC m=+124.116819701
Number of nodes: 1
Reaching out to node ee3c91a98200497d94b3e3b9982c8fa3
Master last at e3b0c44298fc1c149afbf4c8996fb92427ae41e4649b934ca495991b7852b855
Node at f0367846245718122c9ca2310d6b01f571756918276f5805e132b127211de143
Updated node health to  DEGRADED
Node marked as degraded, getting index
Existing asset found for lrid:  79e8101b125d492ab55da402a8a8a2ca
Updated node index
Updated node health to  AVAILABLE
Node consistency checking complete.  Cataloging...
Assets marked for cataloging: 1
Assets marked as uncataloggable: 0
Catalog updated.
Scanning for nodes at time 2021-02-19 13:57:44.33939 +0000 UTC m=+130.935138301
Number of nodes: 1
Reaching out to node ee3c91a98200497d94b3e3b9982c8fa3
Node checksum matches at ee3c91a98200497d94b3e3b9982c8fa3
Node consistency checking complete.  Cataloging...
Assets marked for cataloging: 1
Assets marked as uncataloggable: 0
Catalog updated.
Scanning for nodes at time 2021-02-19 13:57:51.3399485 +0000 UTC m=+137.935696801
Number of nodes: 1
Reaching out to node ee3c91a98200497d94b3e3b9982c8fa3
Node checksum matches at ee3c91a98200497d94b3e3b9982c8fa3
Node consistency checking complete.  Cataloging...
Assets marked for cataloging: 1
Assets marked as uncataloggable: 0
Catalog updated.
Scanning for nodes at time 2021-02-19 13:57:58.3395633 +0000 UTC m=+144.935847601
Number of nodes: 1
Reaching out to node ee3c91a98200497d94b3e3b9982c8fa3
Node checksum matches at ee3c91a98200497d94b3e3b9982c8fa3
Node consistency checking complete.  Cataloging...
Assets marked for cataloging: 1
Assets marked as uncataloggable: 0
Catalog updated.
Scanning for nodes at time 2021-02-19 13:58:05.3395694 +0000 UTC m=+151.935319601
Number of nodes: 1
Reaching out to node ee3c91a98200497d94b3e3b9982c8fa3
Node checksum matches at ee3c91a98200497d94b3e3b9982c8fa3
Node consistency checking complete.  Cataloging...
Assets marked for cataloging: 1
Assets marked as uncataloggable: 0
Catalog updated.
Scanning for nodes at time 2021-02-19 13:58:12.3082645 +0000 UTC m=+158.936034201
Number of nodes: 1
Reaching out to node ee3c91a98200497d94b3e3b9982c8fa3
Node checksum matches at ee3c91a98200497d94b3e3b9982c8fa3
Node consistency checking complete.  Cataloging...
Assets marked for cataloging: 1
Assets marked as uncataloggable: 0
Catalog updated.
Scanning for nodes at time 2021-02-19 13:58:19.3082394 +0000 UTC m=+165.936010501
Number of nodes: 1
Reaching out to node ee3c91a98200497d94b3e3b9982c8fa3
Node checksum matches at ee3c91a98200497d94b3e3b9982c8fa3
Node consistency checking complete.  Cataloging...
Assets marked for cataloging: 1
Assets marked as uncataloggable: 0
Catalog updated.
Scanning for nodes at time 2021-02-19 13:58:26.3447782 +0000 UTC m=+172.972547301
Number of nodes: 1
Reaching out to node ee3c91a98200497d94b3e3b9982c8fa3
Node checksum matches at ee3c91a98200497d94b3e3b9982c8fa3
Node consistency checking complete.  Cataloging...
Assets marked for cataloging: 1
Assets marked as uncataloggable: 0
Catalog updated.
Scanning for nodes at time 2021-02-19 13:58:33.3093112 +0000 UTC m=+179.937082301
Number of nodes: 1
Reaching out to node ee3c91a98200497d94b3e3b9982c8fa3
Node checksum matches at ee3c91a98200497d94b3e3b9982c8fa3
Node consistency checking complete.  Cataloging...
Assets marked for cataloging: 1
Assets marked as uncataloggable: 0
Catalog updated.
Scanning for nodes at time 2021-02-19 13:58:40.3411527 +0000 UTC m=+186.968924401
Number of nodes: 1
Reaching out to node ee3c91a98200497d94b3e3b9982c8fa3
Node checksum matches at ee3c91a98200497d94b3e3b9982c8fa3
Node consistency checking complete.  Cataloging...
Assets marked for cataloging: 1
Assets marked as uncataloggable: 0
Catalog updated.
Scanning for nodes at time 2021-02-19 13:58:47.2737961 +0000 UTC m=+193.935390101
Number of nodes: 1
Reaching out to node ee3c91a98200497d94b3e3b9982c8fa3
Node checksum matches at ee3c91a98200497d94b3e3b9982c8fa3
Node consistency checking complete.  Cataloging...
Assets marked for cataloging: 1
Assets marked as uncataloggable: 0
Catalog updated.
Scanning for nodes at time 2021-02-19 13:58:54.2756386 +0000 UTC m=+200.937233101
Number of nodes: 1
Reaching out to node ee3c91a98200497d94b3e3b9982c8fa3
Node checksum matches at ee3c91a98200497d94b3e3b9982c8fa3
Node consistency checking complete.  Cataloging...
Assets marked for cataloging: 1
Assets marked as uncataloggable: 0
Catalog updated.
Scanning for nodes at time 2021-02-19 13:59:01.2743121 +0000 UTC m=+207.935906901
Number of nodes: 1
Reaching out to node ee3c91a98200497d94b3e3b9982c8fa3
Node checksum matches at ee3c91a98200497d94b3e3b9982c8fa3
Node consistency checking complete.  Cataloging...
Assets marked for cataloging: 1
Assets marked as uncataloggable: 0
Catalog updated.
Scanning for nodes at time 2021-02-19 13:59:08.2738697 +0000 UTC m=+214.935464401
Number of nodes: 1
Reaching out to node ee3c91a98200497d94b3e3b9982c8fa3
Node checksum matches at ee3c91a98200497d94b3e3b9982c8fa3
Node consistency checking complete.  Cataloging...
Assets marked for cataloging: 1
Assets marked as uncataloggable: 0
Catalog updated.
Scanning for nodes at time 2021-02-19 13:59:15.2364307 +0000 UTC m=+221.935225801
Number of nodes: 1
Reaching out to node ee3c91a98200497d94b3e3b9982c8fa3
Node checksum matches at ee3c91a98200497d94b3e3b9982c8fa3
Node consistency checking complete.  Cataloging...
Assets marked for cataloging: 1
Assets marked as uncataloggable: 0
Catalog updated.
Scanning for nodes at time 2021-02-19 13:59:22.2373948 +0000 UTC m=+228.936216001
Number of nodes: 1
Reaching out to node ee3c91a98200497d94b3e3b9982c8fa3
Node checksum matches at ee3c91a98200497d94b3e3b9982c8fa3
Node consistency checking complete.  Cataloging...
Assets marked for cataloging: 1
Assets marked as uncataloggable: 0
Catalog updated.
Scanning for nodes at time 2021-02-19 13:59:29.2370248 +0000 UTC m=+235.936022501
Number of nodes: 1
Reaching out to node ee3c91a98200497d94b3e3b9982c8fa3
Node checksum matches at ee3c91a98200497d94b3e3b9982c8fa3
Node consistency checking complete.  Cataloging...
Assets marked for cataloging: 1
Assets marked as uncataloggable: 0
Catalog updated.
Scanning for nodes at time 2021-02-19 13:59:36.2366024 +0000 UTC m=+242.935385001
Number of nodes: 1
Reaching out to node ee3c91a98200497d94b3e3b9982c8fa3
Node checksum matches at ee3c91a98200497d94b3e3b9982c8fa3
Node consistency checking complete.  Cataloging...
Assets marked for cataloging: 1
Assets marked as uncataloggable: 0
Catalog updated.
Scanning for nodes at time 2021-02-19 13:59:43.204733 +0000 UTC m=+249.935377701
Number of nodes: 1
Reaching out to node ee3c91a98200497d94b3e3b9982c8fa3
Node checksum matches at ee3c91a98200497d94b3e3b9982c8fa3
Node consistency checking complete.  Cataloging...
Assets marked for cataloging: 1
Assets marked as uncataloggable: 0
Catalog updated.
